D, [2020-02-26T13:56:14.940372 #7876] DEBUG -- : NEW INFO for  2020-02-26 13:56:14 +0100
D, [2020-02-26T13:56:14.940372 #7876] DEBUG -- : Info Hash:
D, [2020-02-26T13:56:14.943292 #7876] DEBUG -- : Date: 26.02.2020 10:25
D, [2020-02-26T13:56:14.944267 #7876] DEBUG -- : Price: 53.700
D, [2020-02-26T13:56:14.944267 #7876] DEBUG -- : Isin: DE000A0Z23Q5
D, [2020-02-26T13:56:14.944267 #7876] DEBUG -- : Name: ADESSO SE  INH O.N.
D, [2020-02-26T13:56:14.944267 #7876] DEBUG -- : Type: BuyLimit
D, [2020-02-26T13:56:14.944267 #7876] DEBUG -- : Weightage: 3.44%
D, [2020-02-26T13:56:14.944267 #7876] DEBUG -- : Date: 26.02.2020 10:07
D, [2020-02-26T13:56:14.945241 #7876] DEBUG -- : Price: 282.000
D, [2020-02-26T13:56:14.945241 #7876] DEBUG -- : Isin: DE0006292030
D, [2020-02-26T13:56:14.945241 #7876] DEBUG -- : Name: KSB SE &amp; CO. KGAA INHABER-VORZUGSAKT.O.ST.O.N.
D, [2020-02-26T13:56:14.945241 #7876] DEBUG -- : Type: Sell
D, [2020-02-26T13:56:14.945241 #7876] DEBUG -- : Performance: -8.77%
D, [2020-02-26T13:56:14.946217 #7876] DEBUG -- : Weightage: 3.88%
D, [2020-02-26T13:56:14.946217 #7876] DEBUG -- : Date: 26.02.2020 09:42
D, [2020-02-26T13:56:14.946217 #7876] DEBUG -- : Price: 612.500
D, [2020-02-26T13:56:14.947193 #7876] DEBUG -- : Isin: DE0007010803
D, [2020-02-26T13:56:14.947193 #7876] DEBUG -- : Name: RATIONAL AG
D, [2020-02-26T13:56:14.947193 #7876] DEBUG -- : Type: Sell
D, [2020-02-26T13:56:14.948168 #7876] DEBUG -- : Performance: -0.73%
D, [2020-02-26T13:56:14.948168 #7876] DEBUG -- : Weightage: 5.88%
D, [2020-02-26T13:56:14.948168 #7876] DEBUG -- : Date: 26.02.2020 09:40
D, [2020-02-26T13:56:14.949147 #7876] DEBUG -- : Price: 614.000
D, [2020-02-26T13:56:14.949147 #7876] DEBUG -- : Isin: DE0007010803
D, [2020-02-26T13:56:14.949147 #7876] DEBUG -- : Name: RATIONAL AG
D, [2020-02-26T13:56:14.950121 #7876] DEBUG -- : Type: BuyLimit
D, [2020-02-26T13:56:14.950121 #7876] DEBUG -- : Weightage: 3.93%
D, [2020-02-26T13:56:14.950121 #7876] DEBUG -- : Date: 26.02.2020 09:15
D, [2020-02-26T13:56:14.951098 #7876] DEBUG -- : Price: 10.550
D, [2020-02-26T13:56:14.951098 #7876] DEBUG -- : Isin: DE0007568578
D, [2020-02-26T13:56:14.951098 #7876] DEBUG -- : Name: SFC ENERGY AG
D, [2020-02-26T13:56:14.952069 #7876] DEBUG -- : Type: Buy
D, [2020-02-26T13:56:14.952069 #7876] DEBUG -- : Weightage: 2.7%
D, [2020-02-26T13:56:14.952069 #7876] DEBUG -- : Date: 26.02.2020 09:11
D, [2020-02-26T13:56:14.952069 #7876] DEBUG -- : Price: 19.700
D, [2020-02-26T13:56:14.952069 #7876] DEBUG -- : Isin: DE000A0Z1JH9
D, [2020-02-26T13:56:14.952069 #7876] DEBUG -- : Name: PSI SOFTWARE AG
D, [2020-02-26T13:56:14.952069 #7876] DEBUG -- : Type: Buy
D, [2020-02-26T13:56:14.952069 #7876] DEBUG -- : Weightage: 2.84%
D, [2020-02-26T13:56:14.953044 #7876] DEBUG -- : Date: 26.02.2020 09:07
D, [2020-02-26T13:56:14.953044 #7876] DEBUG -- : Price: 31.000
D, [2020-02-26T13:56:14.953044 #7876] DEBUG -- : Isin: DE000A0LR936
D, [2020-02-26T13:56:14.953044 #7876] DEBUG -- : Name: STEICO SE
D, [2020-02-26T13:56:14.954020 #7876] DEBUG -- : Weightage: 3.97%
D, [2020-02-26T13:56:14.954020 #7876] DEBUG -- : Date: 25.02.2020 21:51
D, [2020-02-26T13:56:14.954020 #7876] DEBUG -- : Price: 13.250
D, [2020-02-26T13:56:14.954020 #7876] DEBUG -- : Isin: DE000A0KEXC7
D, [2020-02-26T13:56:14.954020 #7876] DEBUG -- : Name: VECTRON
D, [2020-02-26T13:56:14.954020 #7876] DEBUG -- : Type: Buy
D, [2020-02-26T13:56:14.955004 #7876] DEBUG -- : Weightage: 2.54%
D, [2020-02-26T13:56:14.955004 #7876] DEBUG -- : Date: 25.02.2020 17:49
D, [2020-02-26T13:56:14.955004 #7876] DEBUG -- : Price: 11.650
D, [2020-02-26T13:56:14.955004 #7876] DEBUG -- : Isin: DE0006636681
D, [2020-02-26T13:56:14.955004 #7876] DEBUG -- : Name: VA-Q-TEC AG
D, [2020-02-26T13:56:14.955004 #7876] DEBUG -- : Type: Buy
D, [2020-02-26T13:56:14.955004 #7876] DEBUG -- : Weightage: 2.23%
D, [2020-02-26T13:56:14.955970 #7876] DEBUG -- : Date: 25.02.2020 11:52
D, [2020-02-26T13:56:14.955970 #7876] DEBUG -- : Price: 9.270
D, [2020-02-26T13:56:14.955970 #7876] DEBUG -- : Isin: DE0007846867
D, [2020-02-26T13:56:14.955970 #7876] DEBUG -- : Name: VISCOM
D, [2020-02-26T13:56:14.955970 #7876] DEBUG -- : Type: Sell
D, [2020-02-26T13:56:14.955970 #7876] DEBUG -- : Performance: 0.04%
D, [2020-02-26T13:56:14.955970 #7876] DEBUG -- : Weightage: 4.45%
D, [2020-02-26T13:57:49.314432 #1104] DEBUG -- : NEW INFO for  2020-02-26 13:57:49 +0100
D, [2020-02-26T13:57:49.314432 #1104] DEBUG -- : Info Hash:
D, [2020-02-26T13:57:49.315407 #1104] DEBUG -- : Date: 26.02.2020 10:25
D, [2020-02-26T13:57:49.315407 #1104] DEBUG -- : Price: 53.700
D, [2020-02-26T13:57:49.315407 #1104] DEBUG -- : Isin: DE000A0Z23Q5
D, [2020-02-26T13:57:49.315407 #1104] DEBUG -- : Name: ADESSO SE  INH O.N.
D, [2020-02-26T13:57:49.315407 #1104] DEBUG -- : Type: BuyLimit
D, [2020-02-26T13:57:49.316382 #1104] DEBUG -- : Weightage: 3.44%
D, [2020-02-26T13:57:49.316382 #1104] DEBUG -- : Date: 26.02.2020 10:07
D, [2020-02-26T13:57:49.316382 #1104] DEBUG -- : Price: 282.000
D, [2020-02-26T13:57:49.316382 #1104] DEBUG -- : Isin: DE0006292030
D, [2020-02-26T13:57:49.316382 #1104] DEBUG -- : Name: KSB SE &amp; CO. KGAA INHABER-VORZUGSAKT.O.ST.O.N.
D, [2020-02-26T13:57:49.316382 #1104] DEBUG -- : Type: Sell
D, [2020-02-26T13:57:49.316382 #1104] DEBUG -- : Performance: -8.77%
D, [2020-02-26T13:57:49.316382 #1104] DEBUG -- : Weightage: 3.88%
D, [2020-02-26T13:57:49.316382 #1104] DEBUG -- : Date: 26.02.2020 09:42
D, [2020-02-26T13:57:49.317358 #1104] DEBUG -- : Price: 612.500
D, [2020-02-26T13:57:49.317358 #1104] DEBUG -- : Isin: DE0007010803
D, [2020-02-26T13:57:49.317358 #1104] DEBUG -- : Name: RATIONAL AG
D, [2020-02-26T13:57:49.317358 #1104] DEBUG -- : Type: Sell
D, [2020-02-26T13:57:49.317358 #1104] DEBUG -- : Performance: -0.73%
D, [2020-02-26T13:57:49.317358 #1104] DEBUG -- : Weightage: 5.88%
D, [2020-02-26T13:57:49.317358 #1104] DEBUG -- : Date: 26.02.2020 09:40
D, [2020-02-26T13:57:49.317358 #1104] DEBUG -- : Price: 614.000
D, [2020-02-26T13:57:49.317358 #1104] DEBUG -- : Isin: DE0007010803
D, [2020-02-26T13:57:49.318334 #1104] DEBUG -- : Name: RATIONAL AG
D, [2020-02-26T13:57:49.318334 #1104] DEBUG -- : Type: BuyLimit
D, [2020-02-26T13:57:49.318334 #1104] DEBUG -- : Weightage: 3.93%
D, [2020-02-26T13:57:49.318334 #1104] DEBUG -- : Date: 26.02.2020 09:15
D, [2020-02-26T13:57:49.318334 #1104] DEBUG -- : Price: 10.550
D, [2020-02-26T13:57:49.318334 #1104] DEBUG -- : Isin: DE0007568578
D, [2020-02-26T13:57:49.318334 #1104] DEBUG -- : Name: SFC ENERGY AG
D, [2020-02-26T13:57:49.318334 #1104] DEBUG -- : Type: Buy
D, [2020-02-26T13:57:49.319308 #1104] DEBUG -- : Weightage: 2.7%
D, [2020-02-26T13:57:49.319308 #1104] DEBUG -- : Date: 26.02.2020 09:11
D, [2020-02-26T13:57:49.319308 #1104] DEBUG -- : Price: 19.700
D, [2020-02-26T13:57:49.319308 #1104] DEBUG -- : Isin: DE000A0Z1JH9
D, [2020-02-26T13:57:49.319308 #1104] DEBUG -- : Name: PSI SOFTWARE AG
D, [2020-02-26T13:57:49.319308 #1104] DEBUG -- : Type: Buy
D, [2020-02-26T13:57:49.319308 #1104] DEBUG -- : Weightage: 2.84%
D, [2020-02-26T13:57:49.319308 #1104] DEBUG -- : Date: 26.02.2020 09:07
D, [2020-02-26T13:57:49.319308 #1104] DEBUG -- : Price: 31.000
D, [2020-02-26T13:57:49.319308 #1104] DEBUG -- : Isin: DE000A0LR936
D, [2020-02-26T13:57:49.320283 #1104] DEBUG -- : Name: STEICO SE
D, [2020-02-26T13:57:49.320283 #1104] DEBUG -- : Weightage: 3.97%
D, [2020-02-26T13:57:49.320283 #1104] DEBUG -- : Date: 25.02.2020 21:51
D, [2020-02-26T13:57:49.320283 #1104] DEBUG -- : Price: 13.250
D, [2020-02-26T13:57:49.320283 #1104] DEBUG -- : Isin: DE000A0KEXC7
D, [2020-02-26T13:57:49.320283 #1104] DEBUG -- : Name: VECTRON
D, [2020-02-26T13:57:49.320283 #1104] DEBUG -- : Type: Buy
D, [2020-02-26T13:57:49.320283 #1104] DEBUG -- : Weightage: 2.54%
D, [2020-02-26T13:57:49.320283 #1104] DEBUG -- : Date: 25.02.2020 17:49
D, [2020-02-26T13:57:49.320283 #1104] DEBUG -- : Price: 11.650
D, [2020-02-26T13:57:49.321259 #1104] DEBUG -- : Isin: DE0006636681
D, [2020-02-26T13:57:49.321259 #1104] DEBUG -- : Name: VA-Q-TEC AG
D, [2020-02-26T13:57:49.321259 #1104] DEBUG -- : Type: Buy
D, [2020-02-26T13:57:49.321259 #1104] DEBUG -- : Weightage: 2.23%
D, [2020-02-26T13:57:49.321259 #1104] DEBUG -- : Date: 25.02.2020 11:52
D, [2020-02-26T13:57:49.321259 #1104] DEBUG -- : Price: 9.270
D, [2020-02-26T13:57:49.321259 #1104] DEBUG -- : Isin: DE0007846867
D, [2020-02-26T13:57:49.321259 #1104] DEBUG -- : Name: VISCOM
D, [2020-02-26T13:57:49.321259 #1104] DEBUG -- : Type: Sell
D, [2020-02-26T13:57:49.322234 #1104] DEBUG -- : Performance: 0.04%
D, [2020-02-26T13:57:49.322234 #1104] DEBUG -- : Weightage: 4.45%
D, [2020-02-26T13:57:50.170795 #1104] DEBUG -- : Sending Email: Quote Verkauftest with body: 
 Name: VISCOM DE0007846867, Typ: Quote Verkauf, Ausgef端hrt: 25.02.2020 11:52, Kurs: 9.270, Gewichtung: 4.45%, Performance: 0.04%
D, [2020-02-26T13:57:55.100247 #1104] DEBUG -- : NEW INFO for  2020-02-26 13:57:55 +0100
D, [2020-02-26T13:57:55.100247 #1104] DEBUG -- : Info Hash:
D, [2020-02-26T13:57:55.101222 #1104] DEBUG -- : Date: 26.02.2020 11:12
D, [2020-02-26T13:57:55.101222 #1104] DEBUG -- : Price: 3.700
D, [2020-02-26T13:57:55.101222 #1104] DEBUG -- : Isin: DE000A0HGQF5
D, [2020-02-26T13:57:55.101222 #1104] DEBUG -- : Name: MAGFORCE AG
D, [2020-02-26T13:57:55.101222 #1104] DEBUG -- : Type: SellLimit
D, [2020-02-26T13:57:55.101222 #1104] DEBUG -- : Performance: -12.11%
D, [2020-02-26T13:57:55.101222 #1104] DEBUG -- : Weightage: 1.11%
D, [2020-02-26T13:57:55.101222 #1104] DEBUG -- : Date: 26.02.2020 11:08
D, [2020-02-26T13:57:55.101222 #1104] DEBUG -- : Price: 9.106
D, [2020-02-26T13:57:55.102197 #1104] DEBUG -- : Isin: DE0007500001
D, [2020-02-26T13:57:55.102197 #1104] DEBUG -- : Name: THYSSENKRUPP AG O.N.
D, [2020-02-26T13:57:55.102197 #1104] DEBUG -- : Weightage: 1.38%
D, [2020-02-26T13:57:55.102197 #1104] DEBUG -- : Date: 26.02.2020 09:52
D, [2020-02-26T13:57:55.102197 #1104] DEBUG -- : Price: 1.198
D, [2020-02-26T13:57:55.102197 #1104] DEBUG -- : Isin: DE0005137004
D, [2020-02-26T13:57:55.102197 #1104] DEBUG -- : Name: QSC AG
D, [2020-02-26T13:57:55.102197 #1104] DEBUG -- : Weightage: 1.07%
D, [2020-02-26T13:57:55.102197 #1104] DEBUG -- : Date: 26.02.2020 09:39
D, [2020-02-26T13:57:55.102197 #1104] DEBUG -- : Price: 300.000
D, [2020-02-26T13:57:55.103172 #1104] DEBUG -- : Isin: DE0007474041
D, [2020-02-26T13:57:55.103172 #1104] DEBUG -- : Name: PAUL HARTMANN AG
D, [2020-02-26T13:57:55.103172 #1104] DEBUG -- : Type: Buy
D, [2020-02-26T13:57:55.103172 #1104] DEBUG -- : Weightage: 1.79%
D, [2020-02-26T13:57:55.103172 #1104] DEBUG -- : Date: 26.02.2020 09:17
D, [2020-02-26T13:57:55.103172 #1104] DEBUG -- : Price: 3.147
D, [2020-02-26T13:57:55.103172 #1104] DEBUG -- : Isin: LU0411075020
D, [2020-02-26T13:57:55.103172 #1104] DEBUG -- : Name: DB X-TR SHORT DAX X2
D, [2020-02-26T13:57:55.103172 #1104] DEBUG -- : Type: Sell
D, [2020-02-26T13:57:55.103172 #1104] DEBUG -- : Performance: 10.43%
D, [2020-02-26T13:57:55.104148 #1104] DEBUG -- : Weightage: 0.95%
D, [2020-02-26T13:57:55.104148 #1104] DEBUG -- : Date: 26.02.2020 09:15
D, [2020-02-26T13:57:55.104148 #1104] DEBUG -- : Price: 3.132
D, [2020-02-26T13:57:55.104148 #1104] DEBUG -- : Isin: LU0411075020
D, [2020-02-26T13:57:55.104148 #1104] DEBUG -- : Name: DB X-TR SHORT DAX X2
D, [2020-02-26T13:57:55.104148 #1104] DEBUG -- : Type: Sell
D, [2020-02-26T13:57:55.104148 #1104] DEBUG -- : Performance: 9.9%
D, [2020-02-26T13:57:55.104148 #1104] DEBUG -- : Weightage: 0.94%
D, [2020-02-26T13:57:55.104148 #1104] DEBUG -- : Date: 26.02.2020 09:09
D, [2020-02-26T13:57:55.104148 #1104] DEBUG -- : Price: 3.130
D, [2020-02-26T13:57:55.105123 #1104] DEBUG -- : Isin: LU0411075020
D, [2020-02-26T13:57:55.105123 #1104] DEBUG -- : Name: DB X-TR SHORT DAX X2
D, [2020-02-26T13:57:55.105123 #1104] DEBUG -- : Type: Sell
D, [2020-02-26T13:57:55.105123 #1104] DEBUG -- : Performance: 9.83%
D, [2020-02-26T13:57:55.105123 #1104] DEBUG -- : Weightage: 0.94%
D, [2020-02-26T13:57:55.105123 #1104] DEBUG -- : Date: 26.02.2020 09:04
D, [2020-02-26T13:57:55.105123 #1104] DEBUG -- : Price: 3.135
D, [2020-02-26T13:57:55.105123 #1104] DEBUG -- : Isin: LU0411075020
D, [2020-02-26T13:57:55.105123 #1104] DEBUG -- : Name: DB X-TR SHORT DAX X2
D, [2020-02-26T13:57:55.105123 #1104] DEBUG -- : Type: Sell
D, [2020-02-26T13:57:55.106099 #1104] DEBUG -- : Performance: 10.01%
D, [2020-02-26T13:57:55.106099 #1104] DEBUG -- : Weightage: 0.94%
D, [2020-02-26T13:57:55.106099 #1104] DEBUG -- : Date: 25.02.2020 20:44
D, [2020-02-26T13:57:55.106099 #1104] DEBUG -- : Price: 120.000
D, [2020-02-26T13:57:55.106099 #1104] DEBUG -- : Isin: DE0007472060
D, [2020-02-26T13:57:55.106099 #1104] DEBUG -- : Name: WIRECARD AG
D, [2020-02-26T13:57:55.106099 #1104] DEBUG -- : Weightage: 0.71%
D, [2020-02-26T13:57:55.106099 #1104] DEBUG -- : Date: 25.02.2020 19:59
D, [2020-02-26T13:57:55.106099 #1104] DEBUG -- : Price: 294.000
D, [2020-02-26T13:57:55.107074 #1104] DEBUG -- : Isin: DE0007474041
D, [2020-02-26T13:57:55.107074 #1104] DEBUG -- : Name: PAUL HARTMANN AG
D, [2020-02-26T13:57:55.107074 #1104] DEBUG -- : Weightage: 1.74%
D, [2020-02-26T13:57:55.393831 #1104] DEBUG -- : Sending Email: Quote Verkauftest with body: 
 Name: PAUL HARTMANN AG DE0007474041, Typ: Quote Verkauf, Ausgef端hrt: 25.02.2020 19:59, Kurs: 294.000, Gewichtung: 1.74%, Performance: 10.01%
D, [2020-02-26T13:58:00.847207 #1104] DEBUG -- : NEW INFO for  2020-02-26 13:58:00 +0100
D, [2020-02-26T13:58:00.848182 #1104] DEBUG -- : Info Hash:
D, [2020-02-26T13:58:00.848182 #1104] DEBUG -- : Date: 26.02.2020 08:18
D, [2020-02-26T13:58:00.849164 #1104] DEBUG -- : Price: 354.500
D, [2020-02-26T13:58:00.849164 #1104] DEBUG -- : Isin: DE0005493365
D, [2020-02-26T13:58:00.850133 #1104] DEBUG -- : Name: HYPOPORT AG  NA O.N.
D, [2020-02-26T13:58:00.850133 #1104] DEBUG -- : Weightage: 0.65%
D, [2020-02-26T13:58:00.850133 #1104] DEBUG -- : Date: 26.02.2020 08:00
D, [2020-02-26T13:58:00.850133 #1104] DEBUG -- : Price: 66.020
D, [2020-02-26T13:58:00.850133 #1104] DEBUG -- : Isin: DE000SE9VRQ0
D, [2020-02-26T13:58:00.850133 #1104] DEBUG -- : Name: Open End Turbo auf Gold
D, [2020-02-26T13:58:00.850133 #1104] DEBUG -- : Type: SellLimit
D, [2020-02-26T13:58:00.851109 #1104] DEBUG -- : Performance: 9.01%
D, [2020-02-26T13:58:00.851109 #1104] DEBUG -- : Weightage: 0.12%
D, [2020-02-26T13:58:00.851109 #1104] DEBUG -- : Date: 26.02.2020 07:51
D, [2020-02-26T13:58:00.851109 #1104] DEBUG -- : Price: 62.000
D, [2020-02-26T13:58:00.851109 #1104] DEBUG -- : Isin: DE0007203705
D, [2020-02-26T13:58:00.851109 #1104] DEBUG -- : Name: SNP SCHNEI. NEUREITH. &amp; PARTN. SE INHABER-AKTIEN O
D, [2020-02-26T13:58:00.851109 #1104] DEBUG -- : Date: 26.02.2020 07:51
D, [2020-02-26T13:58:00.852084 #1104] DEBUG -- : Price: 62.000
D, [2020-02-26T13:58:00.852084 #1104] DEBUG -- : Isin: DE0007203705
D, [2020-02-26T13:58:00.852084 #1104] DEBUG -- : Name: SNP SCHNEI. NEUREITH. &amp; PARTN. SE INHABER-AKTIEN O
D, [2020-02-26T13:58:00.852084 #1104] DEBUG -- : Type: BuyLimit
D, [2020-02-26T13:58:00.852084 #1104] DEBUG -- : Weightage: 0.11%
D, [2020-02-26T13:58:00.852084 #1104] DEBUG -- : Date: 25.02.2020 21:15
D, [2020-02-26T13:58:00.853059 #1104] DEBUG -- : Price: 62.000
D, [2020-02-26T13:58:00.853059 #1104] DEBUG -- : Isin: DE0007203705
D, [2020-02-26T13:58:00.853059 #1104] DEBUG -- : Name: SNP SCHNEI. NEUREITH. &amp; PARTN. SE INHABER-AKTIEN O
D, [2020-02-26T13:58:00.853059 #1104] DEBUG -- : Type: BuyLimit
D, [2020-02-26T13:58:00.853059 #1104] DEBUG -- : Weightage: 0.11%
D, [2020-02-26T13:58:00.853059 #1104] DEBUG -- : Weightage: 0.11%
D, [2020-02-26T13:58:00.853059 #1104] DEBUG -- : Date: 25.02.2020 21:59
D, [2020-02-26T13:58:00.854035 #1104] DEBUG -- : Price: 64.940
D, [2020-02-26T13:58:00.854035 #1104] DEBUG -- : Type: BuyLimit
D, [2020-02-26T13:58:00.854035 #1104] DEBUG -- : Weightage: 0.12%
D, [2020-02-26T13:58:00.854035 #1104] DEBUG -- : Date: 25.02.2020 21:48
D, [2020-02-26T13:58:00.854035 #1104] DEBUG -- : Price: 37.100
D, [2020-02-26T13:58:00.854035 #1104] DEBUG -- : Isin: DE000A0HN5C6
D, [2020-02-26T13:58:00.854035 #1104] DEBUG -- : Name: DEUTSCHE WOHNEN SE INHABER-AKTIEN O.N.
D, [2020-02-26T13:58:00.855010 #1104] DEBUG -- : Weightage: 0.14%
D, [2020-02-26T13:58:00.855010 #1104] DEBUG -- : Date: 25.02.2020 21:34
D, [2020-02-26T13:58:00.855010 #1104] DEBUG -- : Price: 43.000
D, [2020-02-26T13:58:00.855010 #1104] DEBUG -- : Isin: LU1296758029
D, [2020-02-26T13:58:00.855010 #1104] DEBUG -- : Name: CORESTATE CAPITAL HLDG
D, [2020-02-26T13:58:00.855010 #1104] DEBUG -- : Weightage: 0.16%
D, [2020-02-26T13:58:00.855010 #1104] DEBUG -- : Date: 25.02.2020 21:15
D, [2020-02-26T13:58:00.855985 #1104] DEBUG -- : Price: 62.200
D, [2020-02-26T13:58:00.855985 #1104] DEBUG -- : Isin: DE0007203705
D, [2020-02-26T13:58:00.855985 #1104] DEBUG -- : Name: SNP SCHNEI. NEUREITH. &amp; PARTN. SE INHABER-AKTIEN O
D, [2020-02-26T13:58:00.855985 #1104] DEBUG -- : Weightage: 0.23%
D, [2020-02-26T13:58:00.855985 #1104] DEBUG -- : Date: 25.02.2020 19:50
D, [2020-02-26T13:58:00.855985 #1104] DEBUG -- : Price: 43.500
D, [2020-02-26T13:58:00.855985 #1104] DEBUG -- : Isin: LU1296758029
D, [2020-02-26T13:58:00.856960 #1104] DEBUG -- : Name: CORESTATE CAPITAL HLDG
D, [2020-02-26T13:58:00.856960 #1104] DEBUG -- : Type: BuyLimit
D, [2020-02-26T13:58:00.856960 #1104] DEBUG -- : Weightage: 0.16%
D, [2020-02-26T13:58:00.856960 #1104] DEBUG -- : Date: 25.02.2020 19:19
D, [2020-02-26T13:58:00.856960 #1104] DEBUG -- : Price: 44.800
D, [2020-02-26T13:58:00.856960 #1104] DEBUG -- : Isin: DE000A0HL8N9
D, [2020-02-26T13:58:00.857936 #1104] DEBUG -- : Name: 2G ENERGY AG
D, [2020-02-26T13:58:00.857936 #1104] DEBUG -- : Type: BuyLimit
D, [2020-02-26T13:58:00.857936 #1104] DEBUG -- : Weightage: 0.16%
D, [2020-02-26T13:58:00.857936 #1104] DEBUG -- : Date: 25.02.2020 19:18
D, [2020-02-26T13:58:00.857936 #1104] DEBUG -- : Price: 61.000
D, [2020-02-26T13:58:00.857936 #1104] DEBUG -- : Isin: DE000A0JC8S7
D, [2020-02-26T13:58:00.857936 #1104] DEBUG -- : Name: DATAGROUP IT SERVICES HOLDING AG
D, [2020-02-26T13:58:00.858911 #1104] DEBUG -- : Weightage: 0.11%
D, [2020-02-26T13:58:01.144360 #1104] DEBUG -- : Sending Email: Limit Kauftest with body: 
 Name: DATAGROUP IT SERVICES HOLDING AG DE000A0JC8S7, Typ: Limit Kauf, Ausgef端hrt: 25.02.2020 19:18, Kurs: 61.000, Gewichtung: 0.11%, Performance: 9.01%
D, [2020-02-26T13:58:08.172443 #1104] DEBUG -- : NEW INFO for  2020-02-26 13:58:08 +0100
D, [2020-02-26T13:58:08.172443 #1104] DEBUG -- : Info Hash:
D, [2020-02-26T13:58:08.172443 #1104] DEBUG -- : Date: 20.02.2020 15:15
D, [2020-02-26T13:58:08.172443 #1104] DEBUG -- : Price: 167.050
D, [2020-02-26T13:58:08.172443 #1104] DEBUG -- : Isin: US60937P1066
D, [2020-02-26T13:58:08.173419 #1104] DEBUG -- : Name: MONGODB INC. CL.A
D, [2020-02-26T13:58:08.173419 #1104] DEBUG -- : Performance: 51.68%
D, [2020-02-26T13:58:08.173419 #1104] DEBUG -- : Weightage: 0.97%
D, [2020-02-26T13:58:08.173419 #1104] DEBUG -- : Date: 18.02.2020 16:12
D, [2020-02-26T13:58:08.174394 #1104] DEBUG -- : Price: 207.400
D, [2020-02-26T13:58:08.174394 #1104] DEBUG -- : Isin: US0404131064
D, [2020-02-26T13:58:08.174394 #1104] DEBUG -- : Name: ARISTA NETWORKS
D, [2020-02-26T13:58:08.174394 #1104] DEBUG -- : Type: BuyLimit
D, [2020-02-26T13:58:08.174394 #1104] DEBUG -- : Weightage: 1.03%
D, [2020-02-26T13:58:08.174394 #1104] DEBUG -- : Date: 17.02.2020 12:42
D, [2020-02-26T13:58:08.175370 #1104] DEBUG -- : Price: 204.000
D, [2020-02-26T13:58:08.175370 #1104] DEBUG -- : Isin: US01609W1027
D, [2020-02-26T13:58:08.175370 #1104] DEBUG -- : Name: ALIBABA
D, [2020-02-26T13:58:08.175370 #1104] DEBUG -- : Performance: 47.39%
D, [2020-02-26T13:58:08.175370 #1104] DEBUG -- : Weightage: 3.57%
D, [2020-02-26T13:58:08.176345 #1104] DEBUG -- : Date: 12.02.2020 19:46
D, [2020-02-26T13:58:08.176345 #1104] DEBUG -- : Price: 132.800
D, [2020-02-26T13:58:08.176345 #1104] DEBUG -- : Isin: US02156B1035
D, [2020-02-26T13:58:08.176345 #1104] DEBUG -- : Name: ALTERYX INC. A DL-,0001
D, [2020-02-26T13:58:08.176345 #1104] DEBUG -- : Type: SellLimit
D, [2020-02-26T13:58:08.176345 #1104] DEBUG -- : Performance: 85.29%
D, [2020-02-26T13:58:08.177320 #1104] DEBUG -- : Weightage: 1.05%
D, [2020-02-26T13:58:08.177320 #1104] DEBUG -- : Date: 05.02.2020 14:25
D, [2020-02-26T13:58:08.177320 #1104] DEBUG -- : Price: 280.650
D, [2020-02-26T13:58:08.177320 #1104] DEBUG -- : Isin: US88339J1051
D, [2020-02-26T13:58:08.177320 #1104] DEBUG -- : Name: THE TRA.DESK A DL-,000001
D, [2020-02-26T13:58:08.177320 #1104] DEBUG -- : Performance: 430.19%
D, [2020-02-26T13:58:08.178295 #1104] DEBUG -- : Weightage: 1.31%
D, [2020-02-26T13:58:08.178295 #1104] DEBUG -- : Date: 24.01.2020 17:40
D, [2020-02-26T13:58:08.178295 #1104] DEBUG -- : Price: 7.500
D, [2020-02-26T13:58:08.178295 #1104] DEBUG -- : Isin: US68373M1071
D, [2020-02-26T13:58:08.178295 #1104] DEBUG -- : Name: OPERA LTD. SP.ADR/2
D, [2020-02-26T13:58:08.179271 #1104] DEBUG -- : Type: SellLimit
D, [2020-02-26T13:58:08.179271 #1104] DEBUG -- : Performance: -6.03%
D, [2020-02-26T13:58:08.179271 #1104] DEBUG -- : Date: 24.01.2020 17:40
D, [2020-02-26T13:58:08.179271 #1104] DEBUG -- : Price: 7.500
D, [2020-02-26T13:58:08.179271 #1104] DEBUG -- : Isin: US68373M1071
D, [2020-02-26T13:58:08.179271 #1104] DEBUG -- : Name: OPERA LTD. SP.ADR/2
D, [2020-02-26T13:58:08.180246 #1104] DEBUG -- : Type: SellLimit
D, [2020-02-26T13:58:08.180246 #1104] DEBUG -- : Performance: -6.03%
D, [2020-02-26T13:58:08.180246 #1104] DEBUG -- : Weightage: 0.54%
D, [2020-02-26T13:58:08.180246 #1104] DEBUG -- : Date: 24.01.2020 17:38
D, [2020-02-26T13:58:08.180246 #1104] DEBUG -- : Price: 7.500
D, [2020-02-26T13:58:08.181221 #1104] DEBUG -- : Isin: US68373M1071
D, [2020-02-26T13:58:08.181221 #1104] DEBUG -- : Name: OPERA LTD. SP.ADR/2
D, [2020-02-26T13:58:08.181221 #1104] DEBUG -- : Type: SellLimit
D, [2020-02-26T13:58:08.181221 #1104] DEBUG -- : Performance: -6.03%
D, [2020-02-26T13:58:08.181221 #1104] DEBUG -- : Weightage: 0.54%
D, [2020-02-26T13:58:08.181221 #1104] DEBUG -- : Date: 24.01.2020 17:36
D, [2020-02-26T13:58:08.182196 #1104] DEBUG -- : Price: 7.500
D, [2020-02-26T13:58:08.182196 #1104] DEBUG -- : Isin: US68373M1071
D, [2020-02-26T13:58:08.182196 #1104] DEBUG -- : Name: OPERA LTD. SP.ADR/2
D, [2020-02-26T13:58:08.182196 #1104] DEBUG -- : Type: SellLimit
D, [2020-02-26T13:58:08.182196 #1104] DEBUG -- : Performance: -6.03%
D, [2020-02-26T13:58:08.182196 #1104] DEBUG -- : Weightage: 0.36%
D, [2020-02-26T13:58:08.183171 #1104] DEBUG -- : Weightage: 0.48%
D, [2020-02-26T13:58:08.183171 #1104] DEBUG -- : Date: 22.01.2020 17:16
D, [2020-02-26T13:58:08.183171 #1104] DEBUG -- : Price: 120.050
D, [2020-02-26T13:58:08.183171 #1104] DEBUG -- : Type: SellLimit
D, [2020-02-26T13:58:08.183171 #1104] DEBUG -- : Performance: 67.5%
D, [2020-02-26T13:58:08.184148 #1104] DEBUG -- : Weightage: 1.24%
D, [2020-02-26T13:58:08.184148 #1104] DEBUG -- : Date: 22.01.2020 17:11
D, [2020-02-26T13:58:08.184148 #1104] DEBUG -- : Price: 33.110
D, [2020-02-26T13:58:08.184148 #1104] DEBUG -- : Isin: US67059N1081
D, [2020-02-26T13:58:08.184148 #1104] DEBUG -- : Name: NUTANIX INC. A
D, [2020-02-26T13:58:08.184148 #1104] DEBUG -- : Type: SellLimit
D, [2020-02-26T13:58:08.185122 #1104] DEBUG -- : Performance: 33.7%
D, [2020-02-26T13:58:08.185122 #1104] DEBUG -- : Weightage: 1.42%
D, [2020-02-26T13:58:08.185122 #1104] DEBUG -- : Date: 21.01.2020 16:09
D, [2020-02-26T13:58:08.185122 #1104] DEBUG -- : Price: 16.628
D, [2020-02-26T13:58:08.185122 #1104] DEBUG -- : Isin: US74624M1027
D, [2020-02-26T13:58:08.185122 #1104] DEBUG -- : Name: PURE STORAGE
D, [2020-02-26T13:58:08.186098 #1104] DEBUG -- : Performance: 26.52%
D, [2020-02-26T13:58:08.186098 #1104] DEBUG -- : Weightage: 1.5%
D, [2020-02-26T13:58:08.186098 #1104] DEBUG -- : Date: 21.01.2020 16:03
D, [2020-02-26T13:58:08.186098 #1104] DEBUG -- : Price: 54.070
D, [2020-02-26T13:58:08.186098 #1104] DEBUG -- : Isin: US98980G1022
D, [2020-02-26T13:58:08.186098 #1104] DEBUG -- : Name: ZSCALER INC.      DL-,001
D, [2020-02-26T13:58:08.187073 #1104] DEBUG -- : Type: SellLimit
D, [2020-02-26T13:58:08.187073 #1104] DEBUG -- : Performance: 30.12%
D, [2020-02-26T13:58:08.187073 #1104] DEBUG -- : Weightage: 1.42%
D, [2020-02-26T13:58:08.448474 #1104] DEBUG -- : Sending Email: Limit Verkauftest with body: 
 Name: ZSCALER INC.      DL-,001 US98980G1022, Typ: Limit Verkauf, Ausgef端hrt: 21.01.2020 16:03, Kurs: 54.070, Gewichtung: 1.42%, Performance: 30.12%
